<?xml version="1.0" encoding="UTF-8"?>
<!-- Generated by org.testng.reporters.JUnitReportReporter -->
<testsuite hostname="LLKRPF11JDAP" failures="0" tests="1" name="com.herokuapp.theinternet.ExceptionsTests" time="12.614" errors="0" timestamp="2021-01-03T12:56:36 CET" skipped="0">
  <testcase classname="com.herokuapp.theinternet.ExceptionsTests" name="disabledElementTest" time="12.614"/>
  <system-out/>
</testsuite> <!-- com.herokuapp.theinternet.ExceptionsTests -->
