<?xml version="1.0" encoding="UTF-8"?>
<!-- Generated by org.testng.reporters.JUnitReportReporter -->
<testsuite hostname="LLKRPF11JDAP" failures="0" tests="2" name="com.herokuapp.theinternet.NegativeTestsWithParameters" time="15.750" errors="0" timestamp="2021-01-01T12:23:50 CET" skipped="0">
  <testcase classname="com.herokuapp.theinternet.NegativeTestsWithParameters" name="negativeLoginTest" time="7.043"/>
  <system-out/>
  <testcase classname="com.herokuapp.theinternet.NegativeTestsWithParameters" name="negativeLoginTest" time="8.707"/>
  <system-out/>
</testsuite> <!-- com.herokuapp.theinternet.NegativeTestsWithParameters -->
