<?xml version="1.0" encoding="UTF-8"?>
<!-- Generated by org.testng.reporters.JUnitReportReporter -->
<testsuite hostname="LLKRPF11JDAP" failures="0" tests="1" name="com.herokuapp.theinternet.NegativeTests" time="6.946" errors="0" timestamp="2020-12-31T10:13:26 CET" skipped="0">
  <testcase classname="com.herokuapp.theinternet.NegativeTests" name="negativeUsernameTest" time="6.946"/>
  <system-out/>
</testsuite> <!-- com.herokuapp.theinternet.NegativeTests -->
